[    0.000000] Linux version 4.15.0-159-generic (buildd@lgw01-amd64-055) (gcc version 7.5.0 (Ubuntu 7.5.0-3ubuntu1~18.04)) #167-Ubuntu SMP Tue Sep 21 08:55:05 UTC 2021 (Ubuntu 4.15.0-159.167-generic 4.15.18)
[    0.000000] Command line: BOOT_IMAGE=/boot/vmlinuz-4.15.0-159-generic root=LABEL=cloudimg-rootfs ro console=tty1 console=ttyS0
[    0.000000] KERNEL supported cpus:
[    0.000000]   Intel GenuineIntel
[    0.000000]   AMD AuthenticAMD
[    0.000000]   Centaur CentaurHauls
[    0.000000] x86/fpu: x87 FPU will use FXSAVE
[    0.000000] e820: BIOS-provided physical RAM map:
[    0.000000] BIOS-e820: [mem 0x0000000000000000-0x000000000009fbff] usable
[    0.000000] BIOS-e820: [mem 0x000000000009fc00-0x000000000009ffff] reserved
[    0.000000] BIOS-e820: [mem 0x00000000000f0000-0x00000000000fffff] reserved
[    0.000000] BIOS-e820: [mem 0x0000000000100000-0x000000007ffeffff] usable
[    0.000000] BIOS-e820: [mem 0x000000007fff0000-0x000000007fffffff] ACPI data
[    0.000000] BIOS-e820: [mem 0x00000000fec00000-0x00000000fec00fff] reserved
[    0.000000] BIOS-e820: [mem 0x00000000fee00000-0x00000000fee00fff] reserved
[    0.000000] BIOS-e820: [mem 0x00000000fffc0000-0x00000000ffffffff] reserved
[    0.000000] NX (Execute Disable) protection: active
[    0.000000] SMBIOS 2.5 present.
[    0.000000] DMI: innotek GmbH VirtualBox/VirtualBox, BIOS VirtualBox 12/01/2006
[    0.000000] Hypervisor detected: KVM
[    0.000000] e820: last_pfn = 0x7fff0 max_arch_pfn = 0x400000000
[    0.000000] MTRR: Disabled
[    0.000000] x86/PAT: MTRRs disabled, skipping PAT initialization too.
[    0.000000] CPU MTRRs all blank - virtualized system.
[    0.000000] x86/PAT: Configuration [0-7]: WB  WT  UC- UC  WB  WT  UC- UC  
[    0.000000] found SMP MP-table at [mem 0x0009fff0-0x0009ffff]
[    0.000000] Scanning 1 areas for low memory corruption
[    0.000000] RAMDISK: [mem 0x359cb000-0x36cdcfff]
[    0.000000] ACPI: Early table checksum verification disabled
[    0.000000] ACPI: RSDP 0x00000000000E0000 000024 (v02 VBOX  )
[    0.000000] ACPI: XSDT 0x000000007FFF0030 00003C (v01 VBOX   VBOXXSDT 00000001 ASL  00000061)
[    0.000000] ACPI: FACP 0x000000007FFF00F0 0000F4 (v04 VBOX   VBOXFACP 00000001 ASL  00000061)
[    0.000000] ACPI: DSDT 0x000000007FFF0470 002325 (v02 VBOX   VBOXBIOS 00000002 INTL 20100528)
[    0.000000] ACPI: FACS 0x000000007FFF0200 000040
[    0.000000] ACPI: FACS 0x000000007FFF0200 000040
[    0.000000] ACPI: APIC 0x000000007FFF0240 00005C (v02 VBOX   VBOXAPIC 00000001 ASL  00000061)
[    0.000000] ACPI: SSDT 0x000000007FFF02A0 0001CC (v01 VBOX   VBOXCPUT 00000002 INTL 20100528)
[    0.000000] ACPI: Reserving FACP table memory at [mem 0x7fff00f0-0x7fff01e3]
[    0.000000] ACPI: Reserving DSDT table memory at [mem 0x7fff0470-0x7fff2794]
[    0.000000] ACPI: Reserving FACS table memory at [mem 0x7fff0200-0x7fff023f]
[    0.000000] ACPI: Reserving FACS table memory at [mem 0x7fff0200-0x7fff023f]
[    0.000000] ACPI: Reserving APIC table memory at [mem 0x7fff0240-0x7fff029b]
[    0.000000] ACPI: Reserving SSDT table memory at [mem 0x7fff02a0-0x7fff046b]
[    0.000000] No NUMA configuration found
[    0.000000] Faking a node at [mem 0x0000000000000000-0x000000007ffeffff]
[    0.000000] NODE_DATA(0) allocated [mem 0x7ffc5000-0x7ffeffff]
[    0.000000] kvm-clock: cpu 0, msr 0:7ff44001, primary cpu clock
[    0.000000] kvm-clock: Using msrs 4b564d01 and 4b564d00
[    0.000000] kvm-clock: using sched offset of 7211491378 cycles
[    0.000000] clocksource: kvm-clock: mask: 0xffffffffffffffff max_cycles: 0x1cd42e4dffb, max_idle_ns: 881590591483 ns
[    0.000000] Zone ranges:
[    0.000000]   DMA      [mem 0x0000000000001000-0x0000000000ffffff]
[    0.000000]   DMA32    [mem 0x0000000001000000-0x000000007ffeffff]
[    0.000000]   Normal   empty
[    0.000000]   Device   empty
[    0.000000] Movable zone start for each node
[    0.000000] Early memory node ranges
[    0.000000]   node   0: [mem 0x0000000000001000-0x000000000009efff]
[    0.000000]   node   0: [mem 0x0000000000100000-0x000000007ffeffff]
[    0.000000] Reserved but unavailable: 104 pages
[    0.000000] Initmem setup node 0 [mem 0x0000000000001000-0x000000007ffeffff]
[    0.000000] ACPI: PM-Timer IO Port: 0x4008
[    0.000000] IOAPIC[0]: apic_id 2, version 32, address 0xfec00000, GSI 0-23
[    0.000000] ACPI: INT_SRC_OVR (bus 0 bus_irq 0 global_irq 2 dfl dfl)
[    0.000000] ACPI: INT_SRC_OVR (bus 0 bus_irq 9 global_irq 9 low level)
[    0.000000] Using ACPI (MADT) for SMP configuration information
[    0.000000] smpboot: Allowing 2 CPUs, 0 hotplug CPUs
[    0.000000] PM: Registered nosave memory: [mem 0x00000000-0x00000fff]
[    0.000000] PM: Registered nosave memory: [mem 0x0009f000-0x0009ffff]
[    0.000000] PM: Registered nosave memory: [mem 0x000a0000-0x000effff]
[    0.000000] PM: Registered nosave memory: [mem 0x000f0000-0x000fffff]
[    0.000000] e820: [mem 0x80000000-0xfebfffff] available for PCI devices
[    0.000000] Booting paravirtualized kernel on KVM
[    0.000000] clocksource: refined-jiffies: mask: 0xffffffff max_cycles: 0xffffffff, max_idle_ns: 7645519600211568 ns
[    0.000000] random: get_random_bytes called from start_kernel+0x99/0x500 with crng_init=0
[    0.000000] setup_percpu: NR_CPUS:8192 nr_cpumask_bits:2 nr_cpu_ids:2 nr_node_ids:1
[    0.000000] percpu: Embedded 45 pages/cpu s147456 r8192 d28672 u1048576
[    0.000000] PV qspinlock hash table entries: 256 (order: 0, 4096 bytes)
[    0.000000] Built 1 zonelists, mobility grouping on.  Total pages: 515961
[    0.000000] Policy zone: DMA32
[    0.000000] Kernel command line: BOOT_IMAGE=/boot/vmlinuz-4.15.0-159-generic root=LABEL=cloudimg-rootfs ro console=tty1 console=ttyS0
[    0.000000] Memory: 2014900K/2096696K available (12300K kernel code, 2483K rwdata, 4320K rodata, 2448K init, 2724K bss, 81796K reserved, 0K cma-reserved)
[    0.000000] SLUB: HWalign=64, Order=0-3, MinObjects=0, CPUs=2, Nodes=1
[    0.000000] ftrace: allocating 39471 entries in 155 pages
[    0.004000] Hierarchical RCU implementation.
[    0.004000] 	RCU restricting CPUs from NR_CPUS=8192 to nr_cpu_ids=2.
[    0.004000] 	Tasks RCU enabled.
[    0.004000] RCU: Adjusting geometry for rcu_fanout_leaf=16, nr_cpu_ids=2
[    0.004000] NR_IRQS: 524544, nr_irqs: 440, preallocated irqs: 16
[    0.004000] Console: colour VGA+ 80x25
[    0.004000] console [tty1] enabled
[    0.004000] console [ttyS0] enabled
[    0.004000] ACPI: Core revision 20170831
[    0.004000] ACPI: 2 ACPI AML tables successfully acquired and loaded
[    0.004000] APIC: Switch to symmetric I/O mode setup
[    0.008000] ..TIMER: vector=0x30 apic1=0 pin1=2 apic2=-1 pin2=-1
[    0.008007] tsc: Detected 1190.402 MHz processor
[    0.012020] Calibrating delay loop (skipped) preset value.. 2380.80 BogoMIPS (lpj=4761608)
[    0.016010] pid_max: default: 32768 minimum: 301
[    0.024081] Security Framework initialized
[    0.028016] Yama: becoming mindful.
[    0.032270] AppArmor: AppArmor initialized
[    0.065528] Dentry cache hash table entries: 262144 (order: 9, 2097152 bytes)
[    0.084372] Inode-cache hash table entries: 131072 (order: 8, 1048576 bytes)
[    0.088438] Mount-cache hash table entries: 4096 (order: 3, 32768 bytes)
[    0.092455] Mountpoint-cache hash table entries: 4096 (order: 3, 32768 bytes)
[    0.104444] Last level iTLB entries: 4KB 0, 2MB 0, 4MB 0
[    0.108013] Last level dTLB entries: 4KB 0, 2MB 0, 4MB 0, 1GB 0
[    0.112019] Spectre V1 : Mitigation: usercopy/swapgs barriers and __user pointer sanitization
[    0.116014] Spectre V2 : Mitigation: Enhanced IBRS
[    0.120009] Spectre V2 : Spectre v2 / SpectreRSB mitigation: Filling RSB on context switch
[    0.124017] Speculative Store Bypass: Vulnerable
[    0.132234] Freeing SMP alternatives memory: 36K
[    0.253351] smpboot: CPU0: Intel(R) Core(TM) i5-1035G1 CPU @ 1.00GHz (family: 0x6, model: 0x7e, stepping: 0x5)
[    0.260896] Performance Events: unsupported p6 CPU model 126 no PMU driver, software events only.
[    0.264266] Hierarchical SRCU implementation.
[    0.273325] NMI watchdog: Perf event create on CPU 0 failed with -2
[    0.276141] NMI watchdog: Perf NMI watchdog permanently disabled
[    0.284810] smp: Bringing up secondary CPUs ...
[    0.290791] x86: Booting SMP configuration:
[    0.292014] .... node  #0, CPUs:      #1
[    0.004000] kvm-clock: cpu 1, msr 0:7ff44041, secondary cpu clock
[    0.314762] TSC synchronization [CPU#0 -> CPU#1]:
[    0.316000] Measured 37045 cycles TSC warp between CPUs, turning off TSC clock.
[    0.316000] tsc: Marking TSC unstable due to check_tsc_sync_source failed
[    0.324541] smp: Brought up 1 node, 2 CPUs
[    0.328017] smpboot: Max logical packages: 1
[    0.332014] smpboot: Total of 2 processors activated (4761.60 BogoMIPS)
[    0.344021] devtmpfs: initialized
[    0.348269] x86/mm: Memory block size: 128MB
[    0.357048] evm: security.selinux
[    0.360008] evm: security.SMACK64
[    0.364012] evm: security.SMACK64EXEC
[    0.368015] evm: security.SMACK64TRANSMUTE
[    0.372013] evm: security.SMACK64MMAP
[    0.376009] evm: security.apparmor
[    0.380007] evm: security.ima
[    0.384007] evm: security.capability
[    0.392606] clocksource: jiffies: mask: 0xffffffff max_cycles: 0xffffffff, max_idle_ns: 7645041785100000 ns
[    0.396028] futex hash table entries: 512 (order: 3, 32768 bytes)
[    0.400315] pinctrl core: initialized pinctrl subsystem
[    0.404636] RTC time:  2:34:13, date: 12/23/21
[    0.413224] NET: Registered protocol family 16
[    0.416305] audit: initializing netlink subsys (disabled)
[    0.420505] audit: type=2000 audit(1640226862.017:1): state=initialized audit_enabled=0 res=1
[    0.436017] cpuidle: using governor ladder
[    0.440040] cpuidle: using governor menu
[    0.444082] ACPI: bus type PCI registered
[    0.448013] acpiphp: ACPI Hot Plug PCI Controller Driver version: 0.5
[    0.452596] PCI: Using configuration type 1 for base access
[    0.468018] HugeTLB registered 2.00 MiB page size, pre-allocated 0 pages
[    0.477081] ACPI: Added _OSI(Module Device)
[    0.484017] ACPI: Added _OSI(Processor Device)
[    0.492015] ACPI: Added _OSI(3.0 _SCP Extensions)
[    0.512016] ACPI: Added _OSI(Processor Aggregator Device)
[    0.524014] ACPI: Added _OSI(Linux-Dell-Video)
[    0.532018] ACPI: Added _OSI(Linux-Lenovo-NV-HDMI-Audio)
[    0.540015] ACPI: Added _OSI(Linux-HPI-Hybrid-Graphics)
[    0.556244] ACPI: Executed 1 blocks of module-level executable AML code
[    0.593498] ACPI: Interpreter enabled
[    0.600058] ACPI: (supports S0 S5)
[    0.612008] ACPI: Using IOAPIC for interrupt routing
[    0.628245] PCI: Using host bridge windows from ACPI; if necessary, use "pci=nocrs" and report a bug
[    0.644315] ACPI: Enabled 2 GPEs in block 00 to 07
[    0.678486] ACPI: PCI Root Bridge [PCI0] (domain 0000 [bus 00-ff])
[    0.696037] acpi PNP0A03:00: _OSC: OS supports [ASPM ClockPM Segments MSI]
[    0.709938] acpi PNP0A03:00: _OSC: not requesting OS control; OS requires [ExtendedConfig ASPM ClockPM MSI]
[    0.740066] acpi PNP0A03:00: fail to add MMCONFIG information, can't access extended PCI configuration space under this bridge.
[    0.772019] PCI host bridge to bus 0000:00
[    0.784024] pci_bus 0000:00: root bus resource [io  0x0000-0x0cf7 window]
[    0.804031] pci_bus 0000:00: root bus resource [io  0x0d00-0xffff window]
[    0.820120] pci_bus 0000:00: root bus resource [mem 0x000a0000-0x000bffff window]
[    0.840012] pci_bus 0000:00: root bus resource [mem 0x80000000-0xfdffffff window]
[    0.856016] pci_bus 0000:00: root bus resource [bus 00-ff]
[    0.886866] pci 0000:00:01.1: legacy IDE quirk: reg 0x10: [io  0x01f0-0x01f7]
[    0.904015] pci 0000:00:01.1: legacy IDE quirk: reg 0x14: [io  0x03f6]
[    0.916015] pci 0000:00:01.1: legacy IDE quirk: reg 0x18: [io  0x0170-0x0177]
[    0.932012] pci 0000:00:01.1: legacy IDE quirk: reg 0x1c: [io  0x0376]
[    1.052920] pci 0000:00:07.0: quirk: [io  0x4000-0x403f] claimed by PIIX4 ACPI
[    1.096100] pci 0000:00:07.0: quirk: [io  0x4100-0x410f] claimed by PIIX4 SMB
[    1.184617] ACPI: PCI Interrupt Link [LNKA] (IRQs 5 9 10 *11)
[    1.208915] ACPI: PCI Interrupt Link [LNKB] (IRQs 5 9 *10 11)
[    1.240103] ACPI: PCI Interrupt Link [LNKC] (IRQs 5 *9 10 11)
[    1.285008] ACPI: PCI Interrupt Link [LNKD] (IRQs 5 9 10 *11)
[    1.336255] SCSI subsystem initialized
[    1.369050] pci 0000:00:02.0: vgaarb: setting as boot VGA device
[    1.372000] pci 0000:00:02.0: vgaarb: VGA device added: decodes=io+mem,owns=io+mem,locks=none
[    1.460023] pci 0000:00:02.0: vgaarb: bridge control possible
[    1.484007] vgaarb: loaded
[    1.492051] ACPI: bus type USB registered
[    1.512117] usbcore: registered new interface driver usbfs
[    1.540103] usbcore: registered new interface driver hub
[    1.568034] usbcore: registered new device driver usb
[    1.588271] EDAC MC: Ver: 3.0.0
[    1.625048] PCI: Using ACPI for IRQ routing
[    1.648456] NetLabel: Initializing
[    1.676018] NetLabel:  domain hash size = 128
[    1.700012] NetLabel:  protocols = UNLABELED CIPSOv4 CALIPSO
[    1.744325] NetLabel:  unlabeled traffic allowed by default
[    1.780683] clocksource: Switched to clocksource kvm-clock
[    2.016530] VFS: Disk quotas dquot_6.6.0
[    2.028407] VFS: Dquot-cache hash table entries: 512 (order 0, 4096 bytes)
[    2.048995] AppArmor: AppArmor Filesystem Enabled
[    2.066046] pnp: PnP ACPI init
[    2.083354] pnp: PnP ACPI: found 3 devices
[    2.111602] clocksource: acpi_pm: mask: 0xffffff max_cycles: 0xffffff, max_idle_ns: 2085701024 ns
[    2.136732] NET: Registered protocol family 2
[    2.153403] IP idents hash table entries: 32768 (order: 6, 262144 bytes)
[    2.171543] TCP established hash table entries: 16384 (order: 5, 131072 bytes)
[    2.190023] TCP bind hash table entries: 16384 (order: 6, 262144 bytes)
[    2.222703] TCP: Hash tables configured (established 16384 bind 16384)
[    2.241963] UDP hash table entries: 1024 (order: 3, 32768 bytes)
[    2.258378] UDP-Lite hash table entries: 1024 (order: 3, 32768 bytes)
[    2.274542] NET: Registered protocol family 1
[    2.286789] pci 0000:00:00.0: Limiting direct PCI/PCI transfers
[    2.300539] pci 0000:00:01.0: Activating ISA DMA hang workarounds
[    2.315779] pci 0000:00:02.0: Video device with shadowed ROM at [mem 0x000c0000-0x000dffff]
[    2.337453] Unpacking initramfs...
[    3.840342] Freeing initrd memory: 19528K
[    3.854164] clocksource: tsc: mask: 0xffffffffffffffff max_cycles: 0x1128b0cf317, max_idle_ns: 440795227453 ns
[    3.876691] platform rtc_cmos: registered platform RTC device (no PNP device found)
[    3.892968] Scanning for low memory corruption every 60 seconds
[    3.910760] Initialise system trusted keyrings
[    3.921456] Key type blacklist registered
[    3.934743] workingset: timestamp_bits=36 max_order=19 bucket_order=0
[    3.955559] zbud: loaded
[    3.967278] squashfs: version 4.0 (2009/01/31) Phillip Lougher
[    3.980876] fuse init (API version 7.26)
[    4.025684] Key type asymmetric registered
[    4.030331] Asymmetric key parser 'x509' registered
[    4.035540] Block layer SCSI generic (bsg) driver version 0.4 loaded (major 246)
[    4.043666] io scheduler noop registered
[    4.048066] io scheduler deadline registered
[    4.053600] io scheduler cfq registered (default)
[    4.059594] ACPI: AC Adapter [AC] (on-line)
[    4.068116] input: Power Button as /devices/LNXSYSTM:00/LNXPWRBN:00/input/input0
[    4.077270] ACPI: Power Button [PWRF]
[    4.082108] input: Sleep Button as /devices/LNXSYSTM:00/LNXSLPBN:00/input/input1
[    4.091421] ACPI: Sleep Button [SLPF]
[    4.099483] Serial: 8250/16550 driver, 32 ports, IRQ sharing enabled
[    4.101901] ACPI: Battery Slot [BAT0] (battery present)
[    4.150777] 00:02: ttyS0 at I/O 0x3f8 (irq = 4, base_baud = 115200) is a 16550A
[    4.167256] Linux agpgart interface v0.103
[    4.203954] loop: module loaded
[    4.220564] scsi host0: ata_piix
[    4.225688] scsi host1: ata_piix
[    4.229398] ata1: PATA max UDMA/33 cmd 0x1f0 ctl 0x3f6 bmdma 0xd000 irq 14
[    4.233301] ata2: PATA max UDMA/33 cmd 0x170 ctl 0x376 bmdma 0xd008 irq 15
[    4.258684] libphy: Fixed MDIO Bus: probed
[    4.262963] tun: Universal TUN/TAP device driver, 1.6
[    4.270560] PPP generic driver version 2.4.2
[    4.283899] ehci_hcd: USB 2.0 'Enhanced' Host Controller (EHCI) Driver
[    4.298400] ehci-pci: EHCI PCI platform driver
[    4.306869] ehci-platform: EHCI generic platform driver
[    4.320351] ohci_hcd: USB 1.1 'Open' Host Controller (OHCI) Driver
[    4.337241] ohci-pci: OHCI PCI platform driver
[    4.350761] ohci-platform: OHCI generic platform driver
[    4.366163] uhci_hcd: USB Universal Host Controller Interface driver
[    4.385690] i8042: PNP: PS/2 Controller [PNP0303:PS2K,PNP0f03:PS2M] at 0x60,0x64 irq 1,12
[    4.420958] serio: i8042 KBD port at 0x60,0x64 irq 1
[    4.432505] serio: i8042 AUX port at 0x60,0x64 irq 12
[    4.440750] mousedev: PS/2 mouse device common for all mice
[    4.457341] rtc_cmos rtc_cmos: rtc core: registered rtc_cmos as rtc0
[    4.472829] rtc_cmos rtc_cmos: alarms up to one day, 114 bytes nvram
[    4.529931] i2c /dev entries driver
[    4.540929] device-mapper: uevent: version 1.0.3
[    4.556040] device-mapper: ioctl: 4.37.0-ioctl (2017-09-20) initialised: dm-devel@redhat.com
[    4.579382] ledtrig-cpu: registered to indicate activity on CPUs
[    4.596882] input: AT Translated Set 2 keyboard as /devices/platform/i8042/serio0/input/input2
[    4.622764] NET: Registered protocol family 10
[    4.657606] Segment Routing with IPv6
[    4.666891] NET: Registered protocol family 17
[    4.677987] Key type dns_resolver registered
[    4.692619] mce: Using 0 MCE banks
[    4.702933] RAS: Correctable Errors collector initialized.
[    4.714127] sched_clock: Marking stable (4714024702, 0)->(7159380005, -2445355303)
[    4.731780] registered taskstats version 1
[    4.736844] Loading compiled-in X.509 certificates
[    4.754679] Loaded X.509 cert 'Build time autogenerated kernel key: bf5768e0b2369bd53acb56866ca104cf5a2c379b'
[    4.769687] Loaded X.509 cert 'Canonical Ltd. Live Patch Signing: 14df34d1a87cf37625abec039ef2bf521249b969'
[    4.793215] Loaded X.509 cert 'Canonical Ltd. Kernel Module Signing: 88f752e560a1e0737e31163a466ad7b70a850c19'
[    4.806895] zswap: loaded using pool lzo/zbud
[    4.842734] Key type big_key registered
[    4.848678] Key type trusted registered
[    4.872848] Key type encrypted registered
[    4.883508] AppArmor: AppArmor sha1 policy hashing enabled
[    4.902695] ima: No TPM chip found, activating TPM-bypass! (rc=-19)
[    4.922678] ima: Allocated hash algorithm: sha1
[    4.936330] evm: HMAC attrs: 0x1
[    4.950400]   Magic number: 1:6:562
[    4.963266] rtc_cmos rtc_cmos: setting system clock to 2021-12-23 02:34:18 UTC (1640226858)
[    4.980967] BIOS EDD facility v0.16 2004-Jun-25, 0 devices found
[    5.001105] EDD information not available.
[    5.024127] Freeing unused kernel image memory: 2448K
[    5.056658] Write protecting the kernel read-only data: 20480k
[    5.073680] Freeing unused kernel image memory: 2008K
[    5.090733] Freeing unused kernel image memory: 1824K
[    5.125698] x86/mm: Checked W+X mappings: passed, no W+X pages found.
Loading, please wait...
starting version 237
[    5.357416] e1000: Intel(R) PRO/1000 Network Driver - version 7.3.21-k8-NAPI
[    5.370143] e1000: Copyright (c) 1999-2006 Intel Corporation.
[    5.392067] Fusion MPT base driver 3.04.20
[    5.398224] Copyright (c) 1999-2008 LSI Corporation
[    5.455734] Fusion MPT SPI Host driver 3.04.20
[    5.649592] input: ImExPS/2 Generic Explorer Mouse as /devices/platform/i8042/serio1/input/input4
[    6.849283] e1000 0000:00:03.0 eth0: (PCI:33MHz:32-bit) 02:2f:77:f1:0c:e0
[    6.862213] e1000 0000:00:03.0 eth0: Intel(R) PRO/1000 Network Connection
[    7.818446] e1000 0000:00:08.0 eth1: (PCI:33MHz:32-bit) 08:00:27:45:93:c4
[    7.833035] e1000 0000:00:08.0 eth1: Intel(R) PRO/1000 Network Connection
[    7.856755] e1000 0000:00:03.0 enp0s3: renamed from eth0
[    7.870879] mptbase: ioc0: Initiating bringup
[    7.893190] e1000 0000:00:08.0 enp0s8: renamed from eth1
[    8.003859] ioc0: LSI53C1030 A0: Capabilities={Initiator}
[    8.281643] scsi host2: ioc0: LSI53C1030 A0, FwRev=00000000h, Ports=1, MaxQ=256, IRQ=20
[    8.481450] scsi 2:0:0:0: Direct-Access     VBOX     HARDDISK         1.0  PQ: 0 ANSI: 5
[    9.237646] scsi target2:0:0: Beginning Domain Validation
[    9.260983] random: fast init done
[    9.268418] scsi target2:0:0: Domain Validation skipping write tests
[    9.275523] scsi target2:0:0: Ending Domain Validation
[    9.281895] scsi target2:0:0: asynchronous
[    9.288678] scsi 2:0:1:0: Direct-Access     VBOX     HARDDISK         1.0  PQ: 0 ANSI: 5
[   10.304079] scsi target2:0:1: Beginning Domain Validation
[   10.339582] scsi target2:0:1: Domain Validation skipping write tests
[   10.346082] scsi target2:0:1: Ending Domain Validation
[   10.350786] scsi target2:0:1: asynchronous
[   10.364714] random: systemd-udevd: uninitialized urandom read (16 bytes read)
[   10.371579] random: systemd-udevd: uninitialized urandom read (16 bytes read)
[   10.378742] random: systemd-udevd: uninitialized urandom read (16 bytes read)
[   10.385997] sd 2:0:0:0: [sda] 83886080 512-byte logical blocks: (42.9 GB/40.0 GiB)
[   10.393489] sd 2:0:0:0: [sda] Write Protect is off
[   10.399153] sd 2:0:0:0: Attached scsi generic sg0 type 0
[   10.405151] sd 2:0:1:0: Attached scsi generic sg1 type 0
[   10.411825] sd 2:0:0:0: [sda] Incomplete mode parameter data
[   10.417637] sd 2:0:0:0: [sda] Assuming drive cache: write through
[   10.420917] sd 2:0:1:0: [sdb] 20480 512-byte logical blocks: (10.5 MB/10.0 MiB)
[   10.432171] sd 2:0:1:0: [sdb] Write Protect is off
[   10.439039] sd 2:0:1:0: [sdb] Incomplete mode parameter data
[   10.454678] sd 2:0:1:0: [sdb] Assuming drive cache: write through
[   10.485515]  sda: sda1
[   10.502190] sd 2:0:0:0: [sda] Attached SCSI disk
[   10.518626] sd 2:0:1:0: [sdb] Attached SCSI disk
Begin: Loading essential drivers ... [   13.173300] raid6: sse2x1   gen()  9192 MB/s
[   13.224190] raid6: sse2x1   xor()  4014 MB/s
[   13.280133] raid6: sse2x2   gen() 12415 MB/s
[   13.332486] raid6: sse2x2   xor()  6395 MB/s
[   13.384537] raid6: sse2x4   gen() 14381 MB/s
[   13.440262] raid6: sse2x4   xor()  5861 MB/s
[   13.449258] raid6: using algorithm sse2x4 gen() 14381 MB/s
[   13.457919] raid6: .... xor() 5861 MB/s, rmw enabled
[   13.465782] raid6: using ssse3x2 recovery algorithm
[   13.479292] xor: measuring software checksum speed
[   18.409007]    prefetch64-sse: -579835.-296 MB/sec
[   18.512803]    generic_sse: 36211.000 MB/sec
[   18.517968] xor: using function: generic_sse (36211.000 MB/sec)
[   18.529101] async_tx: api initialized (async)
done.
Begin: Running /scripts/init-premount ... done.
Begin: Mounting root file system ... Begin: Running /scripts/local-top ... done.
Begin: Running /scripts/local-premount ... [   18.641103] Btrfs loaded, crc32c=crc32c-intel
Scanning for Btrfs filesystems
done.
Warning: fsck not present, so skipping root file system
[   18.722304] EXT4-fs (sda1): mounted filesystem with ordered data mode. Opts: (null)
done.
Begin: Running /scripts/local-bottom ... done.
Begin: Running /scripts/init-bottom ... done.
[   19.115176] ip_tables: (C) 2000-2006 Netfilter Core Team
[   19.136705] systemd[1]: systemd 237 running in system mode. (+PAM +AUDIT +SELINUX +IMA +APPARMOR +SMACK +SYSVINIT +UTMP +LIBCRYPTSETUP +GCRYPT +GNUTLS +ACL +XZ +LZ4 +SECCOMP +BLKID +ELFUTILS +KMOD -IDN2 +IDN -PCRE2 default-hierarchy=hybrid)
[   19.155217] systemd[1]: Detected virtualization oracle.
[   19.160817] systemd[1]: Detected architecture x86-64.

Welcome to [1mUbuntu 18.04.6 LTS[0m!

[   19.206906] systemd[1]: Set hostname to <ubuntu>.
[   19.232600] systemd[1]: Initializing machine ID from random generator.
[   19.243401] systemd[1]: Installed transient /etc/machine-id file.
[   19.902742] systemd[1]: Set up automount Arbitrary Executable File Formats File System Automount Point.
[[0;32m  OK  [0m] Set up automount Arbitrary Executab…rmats File System Automount Point.
[   19.928907] systemd[1]: Reached target Swap.
[[0;32m  OK  [0m] Reached target Swap.
[   19.942679] systemd[1]: Started Forward Password Requests to Wall Directory Watch.
[[0;32m  OK  [0m] Started Forward Password Requests to Wall Directory Watch.
[   19.963088] systemd[1]: Reached target System Time Synchronized.
[[0;32m  OK  [0m] Reached target System Time Synchronized.
[[0;32m  OK  [0m] Created slice System Slice.
[[0;32m  OK  [0m] Listening on Syslog Socket.
[[0;32m  OK  [0m] Created slice system-serial\x2dgetty.slice.
[[0;32m  OK  [0m] Listening on LVM2 poll daemon socket.
[[0;32m  OK  [0m] Listening on udev Control Socket.
[[0;32m  OK  [0m] Listening on Journal Audit Socket.
[[0;32m  OK  [0m] Created slice User and Session Slice.
[[0;32m  OK  [0m] Reached target Slices.
[[0;32m  OK  [0m] Listening on /dev/initctl Compatibility Named Pipe.
[[0;32m  OK  [0m] Listening on udev Kernel Socket.
[[0;32m  OK  [0m] Listening on Journal Socket.
         Starting Uncomplicated firewall...
         Starting udev Coldplug all Devices...
         Mounting Kernel Debug File System...
         Starting Create list of required st…ce nodes for the current kernel...
         Starting Set the console keyboard layout...
         Mounting Huge Pages File System...
[[0;32m  OK  [0m] Listening on Device-mapper event daemon FIFOs.
[[0;32m  OK  [0m] Listening on Journal Socket (/dev/log).
         Starting Journal Service...
[[0;32m  OK  [0m] Listening on Network Service Netlink Socket.
[[0;32m  OK  [0m] Reached target User and Group Name Lookups.
         Mounting POSIX Message Queue File System...
[[0;32m  OK  [0m] Listening on LVM2 metadata daemon socket.
         Starting Monitoring of LVM2 mirrors…ng dmeventd or progress polling...
         Starting Load Kernel Modules...
[[0;32m  OK  [0m] Listening on fsck to fsckd communication Socket.
         Starting File System Check on Root Device...
[[0;32m  OK  [0m] Started Journal Service.
[   20.285764] Loading iSCSI transport class v2.0-870.
[[0;32m  OK  [0m] Started Uncomplicated firewall.
[[0;32m  OK  [0m] Mounted Kernel Debug File System.
[[0;32m  OK  [0m] Started Create list of required sta…vice nodes for the current kernel.
[[0;32m  OK  [0m] Mounted Huge Pages File System.
[[0;32m  OK  [0m] Mounted POSIX Message Queue File System.
[[0;32m  OK  [0m] Started File System Check Daemon to report status.
[[0;32m  OK  [0m] Started LVM2 metadata daemon.
[   20.363838] iscsi: registered transport (tcp)
         Starting Create Static Device Nodes in /dev...
[[0;32m  OK  [0m] Started File System Check on Root Device.
         Starting Remount Root and Kernel File Systems...
[[0;32m  OK  [0m] Started udev Coldplug all Devices.
[[0;32m  OK  [0m] Started Create Static Device Nodes in /dev.
[   20.472631] EXT4-fs (sda1): re-mounted. Opts: (null)
[[0;32m  OK  [0m] Started Remount Root and Kernel File Systems.
         Starting Flush Journal to Persistent Storage...
         Starting Load/Save Random Seed...
[   20.534802] iscsi: registered transport (iser)
         Starting udev Kernel Device Manager...
[[0;32m  OK  [0m] Started Set the console keyboard layout.
[[0;32m  OK  [0m] Started Monitoring of LVM2 mirrors,…sing dmeventd or progress polling.
[[0;32m  OK  [0m] Started Load Kernel Modules.
[[0;32m  OK  [0m] Started Load/Save Random Seed.
[   20.611096] systemd-journald[380]: Received request to flush runtime journal from PID 1
[   20.627703] random: crng init done
[   20.627705] random: 7 urandom warning(s) missed due to ratelimiting
         Mounting FUSE Control File System...
         Starting Apply Kernel Variables...
         Mounting Kernel Configuration File System...
[[0;32m  OK  [0m] Reached target Local File Systems (Pre).
[[0;32m  OK  [0m] Reached target Local File Systems.
         Starting Set console font and keymap...
         Starting Tell Plymouth To Write Out Runtime Data...
         Starting ebtables ruleset management...
         Starting Commit a transient machine-id on disk...
         Starting AppArmor initialization...
[[0;32m  OK  [0m] Started udev Kernel Device Manager.
[[0;32m  OK  [0m] Mounted FUSE Control File System.
[[0;32m  OK  [0m] Mounted Kernel Configuration File System.
[[0;32m  OK  [0m] Started Set console font and keymap.
[[0;32m  OK  [0m] Started Dispatch Password Requests to Console Directory Watch.
[[0;32m  OK  [0m] Reached target Local Encrypted Volumes.
[[0;32m  OK  [0m] Started Tell Plymouth To Write Out Runtime Data.
[[0;32m  OK  [0m] Started Flush Journal to Persistent Storage.
         Starting Create Volatile Files and Directories...
[[0;32m  OK  [0m] Started Apply Kernel Variables.
[[0;32m  OK  [0m] Started Commit a transient machine-id on disk.
[[0;32m  OK  [0m] Started Create Volatile Files and Directories.
         Starting Update UTMP about System Boot/Shutdown...
[[0;32m  OK  [0m] Started Update UTMP about System Boot/Shutdown.
[[0;32m  OK  [0m] Started ebtables ruleset management.
[[0;32m  OK  [0m] Found device /dev/ttyS0.
[[0;32m  OK  [0m] Listening on Load/Save RF Kill Switch Status /dev/rfkill Watch.
[[0;32m  OK  [0m] Started AppArmor initialization.
         Starting Load AppArmor profiles managed internally by snapd...
         Starting Initial cloud-init job (pre-networking)...
[[0;32m  OK  [0m] Started Load AppArmor profiles managed internally by snapd.
[   27.781705] cloud-init[522]: Cloud-init v. 21.2-3-g899bfaa9-0ubuntu2~18.04.1 running 'init-local' at Thu, 23 Dec 2021 02:34:40 +0000. Up 26.55 seconds.
[[0;32m  OK  [0m] Started Initial cloud-init job (pre-networking).
[[0;32m  OK  [0m] Reached target Network (Pre).
         Starting Network Service...
[[0;32m  OK  [0m] Started Network Service.
         Starting Network Name Resolution...
         Starting Wait for Network to be Configured...
[[0;32m  OK  [0m] Started Network Name Resolution.
[[0;32m  OK  [0m] Reached target Host and Network Name Lookups.
[[0;32m  OK  [0m] Reached target Network.
[[0;32m  OK  [0m] Started Wait for Network to be Configured.
         Starting Initial cloud-init job (metadata service crawler)...
[   30.910887] cloud-init[623]: Cloud-init v. 21.2-3-g899bfaa9-0ubuntu2~18.04.1 running 'init' at Thu, 23 Dec 2021 02:34:44 +0000. Up 30.49 seconds.
[   30.926260] cloud-init[623]: ci-info: ++++++++++++++++++++++++++++++++++++++Net device info++++++++++++++++++++++++++++++++++++++
[   30.934787] cloud-init[623]: ci-info: +--------+-------+---------------------------+---------------+--------+-------------------+
[   30.943733] cloud-init[623]: ci-info: | Device |   Up  |          Address          |      Mask     | Scope  |     Hw-Address    |
[   30.953520] cloud-init[623]: ci-info: +--------+-------+---------------------------+---------------+--------+-------------------+
[   30.960840] cloud-init[623]: ci-info: | enp0s3 |  True |         10.0.2.15         | 255.255.255.0 | global | 02:2f:77:f1:0c:e0 |
[   30.968776] cloud-init[623]: ci-info: | enp0s3 |  True | fe80::2f:77ff:fef1:ce0/64 |       .       |  link  | 02:2f:77:f1:0c:e0 |
[   30.975942] cloud-init[623]: ci-info: | enp0s8 | False |             .             |       .       |   .    | 08:00:27:45:93:c4 |
[   30.983741] cloud-init[623]: ci-info: |   lo   |  True |         127.0.0.1         |   255.0.0.0   |  host  |         .         |
[   30.993230] cloud-init[623]: ci-info: |   lo   |  True |          ::1/128          |       .       |  host  |         .         |
[   31.007048] cloud-init[623]: ci-info: +--------+-------+---------------------------+---------------+--------+-------------------+
[   31.023357] cloud-init[623]: ci-info: ++++++++++++++++++++++++++++Route IPv4 info+++++++++++++++++++++++++++++
[   31.038369] cloud-init[623]: ci-info: +-------+-------------+----------+-----------------+-----------+-------+
[   31.044600] cloud-init[623]: ci-info: | Route | Destination | Gateway  |     Genmask     | Interface | Flags |
[   31.053839] cloud-init[623]: ci-info: +-------+-------------+----------+-----------------+-----------+-------+
[   31.069062] cloud-init[623]: ci-info: |   0   |   0.0.0.0   | 10.0.2.2 |     0.0.0.0     |   enp0s3  |   UG  |
[   31.083907] cloud-init[623]: ci-info: |   1   |   10.0.2.0  | 0.0.0.0  |  255.255.255.0  |   enp0s3  |   U   |
[   31.097478] cloud-init[623]: ci-info: |   2   |   10.0.2.2  | 0.0.0.0  | 255.255.255.255 |   enp0s3  |   UH  |
[   31.111800] cloud-init[623]: ci-info: +-------+-------------+----------+-----------------+-----------+-------+
[   31.122532] cloud-init[623]: ci-info: +++++++++++++++++++Route IPv6 info+++++++++++++++++++
[   31.128267] cloud-init[623]: ci-info: +-------+-------------+---------+-----------+-------+
[   31.134003] cloud-init[623]: ci-info: | Route | Destination | Gateway | Interface | Flags |
[   31.143368] cloud-init[623]: ci-info: +-------+-------------+---------+-----------+-------+
[   31.149676] cloud-init[623]: ci-info: |   1   |  fe80::/64  |    ::   |   enp0s3  |   U   |
[   31.159603] cloud-init[623]: ci-info: |   3   |    local    |    ::   |   enp0s3  |   U   |
[   31.171305] cloud-init[623]: ci-info: |   4   |   ff00::/8  |    ::   |   enp0s3  |   U   |
[   31.189614] cloud-init[623]: ci-info: +-------+-------------+---------+-----------+-------+
[   33.232111] cloud-init[623]: Generating public/private rsa key pair.
[   33.242434] cloud-init[623]: Your identification has been saved in /etc/ssh/ssh_host_rsa_key.
[   33.254962] cloud-init[623]: Your public key has been saved in /etc/ssh/ssh_host_rsa_key.pub.
[   33.267048] cloud-init[623]: The key fingerprint is:
[   33.278586] cloud-init[623]: SHA256:Oj+ejWE70bTrb67mzdp8OZ+k+3lv7u6slRhy3Gxk2BA root@ubuntu-bionic
[   33.295345] cloud-init[623]: The key's randomart image is:
[   33.308156] cloud-init[623]: +---[RSA 2048]----+
[   33.322466] cloud-init[623]: |             E.  |
[[0;32m  OK  [0m] Started Initial cloud-init job (metadata service crawler).
[[0;32m  OK  [0m] Reached target Network is Online.
[   33.348128] cloud-init[623]: |              +  |
[[0;32m  OK  [0m] Reached target Remote File Systems (Pre).
[[0;32m  OK  [0m] Reached target Remote File Systems.
[   33.370601]          Starting Availability of block devices...
[[0;32m  OK  [0m] Reached target Cloud-config availability.
[[0;32m  OK  [0m] Reached target System Initialization.
[[0;32m  OK  [0m] Listening on ACPID Listen Socket.
[[0;32m  OK  [0m] Listening on UUID daemon activation socket.
         Starting LXD - unix socket.
[[0;32m  OK  [0m] Listening on Open-iSCSI iscsid Socket.
[[0;32m  OK  [0m] Started Message of the Day.
         Starting Socket activation for snappy daemon.
[[0;32m  OK  [0m] Listening on D-Bus System Message Bus Socket.
[[0;32m  OK  [0m] Started Daily Cleanup of Temporary Directories.
[[0;32m  OK  [0m] Started Daily apt download activities.
[[0;32m  OK  [0m] Started Daily apt upgrade and clean activities.
[[0;32m  OK  [0m] Started Discard unused blocks once a week.
[[0;32m  OK  [0m] Started Ubuntu Advantage update messaging.
[[0;32m  OK  [0m] Reached target Timers.
[[0;32m  OK  [0m] Started ACPI Events Check.
[[0;32m  OK  [0m] Reached target Paths.
[[0;32m  OK  [0m] Started Availability of block devices.
[[0;32m  OK  [0m] Listening on LXD - unix socket.
[[0;32m  OK  [0m] Listening on Socket activation for snappy daemon.
[[0;32m  OK  [0m] Reached target Sockets.
[[0;32m  OK  [0m] Reached target Basic System.
[[0;32m  OK  [0m] Started Regular background program processing daemon.
[[0;32m  OK  [0m] Started FUSE filesystem for LXC.
         Starting Pollinate to seed the pseudo random number generator...
         Starting LXD - container startup/shutdown...
cloud-init[623]: |             . + |
[   33.469184]          Starting LSB: Record successful boot for GRUB...
cloud-init[623]: |          . . =  |
[   33.491296] cloud-init[623]: |        So o + + |
[   33.497680] cloud-init[623]:          Starting Virtualbox guest utils...
|       .. o o + .|         Starting Login Service...

[[0;32m  OK  [0m] Started D-Bus System Message Bus.
[   33.541151] cloud-init[623]: |      o o. . . +.|
[   33.577838] cloud-init[623]: |       +o*o=. *o=|
[   33.595443] cloud-init[623]: |       .****B++&@|
[   33.602076] cloud-init[623]: +----[SHA256]-----+
[   33.607099] cloud-init[623]: Generating public/private dsa key pair.
[   33.612651] cloud-init[623]: Your identification has been saved in /etc/ssh/ssh_host_dsa_key.
[   33.626281] cloud-init[623]: Your public key has been saved in /etc/ssh/ssh_host_dsa_key.pub.
[   33.635136] cloud-init[623]: The key fingerprint is:
[   33.641694] cloud-init[623]: SHA256:bcKnN+aAXe6E4cRkW9GnoJVXidjlvn1mD2d+1Ls1IPk root@ubuntu-bionic
[   33.650078] cloud-init[623]: The key's randomart image is:
[   33.656149] cloud-init[623]: +---[DSA 1024]----+
[   33.661727] cloud-init[623]: |          .= +o. |
[   33.667015] cloud-init[623]: |          =.=.o  |
[   33.673329] cloud-init[623]: |        oo.o o.  |
[   33.679546] cloud-init[623]: |       =.+  o.   |
[   33.684959] cloud-init[623]: |        S =o .. .|
[   33.691611] cloud-init[623]: |       = X  o .oo|
[   33.708367] cloud-init[623]: |      . * *  EooX|
[   33.720186] cloud-init[623]: |         B .   O*|
[   33.737283] cloud-init[623]: |          o    .=|
[   33.754912] cloud-init[623]: +----[SHA256]-----+
[   33.763344] cloud-init[623]: Generating public/private ecdsa key pair.
[   33.785330] cloud-init[623]: Your identification has been saved in /etc/ssh/ssh_host_ecdsa_key.
[   33.810507] cloud-init[623]: Your public key has been saved in /etc/ssh/ssh_host_ecdsa_key.pub.
[   33.830714] cloud-init[623]: The key fingerprint is:
[   33.852183] cloud-init[623]: SHA256:dpUycbgzx6+0fPRZVYttXUbPg84nZdCMzfjU2pE/gqc root@ubuntu-bionic
[   33.881697] cloud-init[623]: The key's randomart image is:         Starting LSB: automatic crash report generation...
         Starting Accounts Service...

[   33.919595] cloud-init[623]: +---[ECDSA 256]---+
[   33.933301] cloud-init[623]: |          ....B.+|
[   33.944076] cloud-init[623]: |          .o +oX*|
[   33.955821] cloud-init[623]: |          oo+.=BX|
[   33.969373] cloud-init[623]: |          +==++**|
[   33.986996] cloud-init[623]: |        S .+o=o.o|
[   34.000583] cloud-init[623]: |       . . E. = .|
[   34.015546] cloud-init[623]: |           o + .o|
[   34.028713] cloud-init[623]: |            + ...|
[   34.041653] cloud-init[623]: |             .   |
[   34.051773] cloud-init[623]: +----[SHA256]-----+
[   34.061818] cloud-init[623]: Generating public/private ed25519 key pair.         Starting Dispatcher daemon for systemd-networkd...
         Starting Permit User Sessions...

         Starting System Logging Service...
[   34.106434] cloud-init[623]: Your identification has been saved in /etc/ssh/ssh_host_ed25519_key.
[   34.153646] [[0;32m  OK  [0m] Started irqbalance daemon.
[[0;32m  OK  [0m] Started Deferred execution scheduler.
         Starting Snap Daemon...
[[0;32m  OK  [0m] Started Permit User Sessions.
cloud-init[623]: Your public key has been saved in /etc/ssh/ssh_host_ed25519_key.pub.[[0;32m  OK  [0m] Started Login Service.
[[0;32m  OK  [0m] Started Unattended Upgrades Shutdown.
         Starting Terminate Plymouth Boot Screen...
         Starting Hold until boot process finishes up...
[[0;32m  OK  [0m] Started Hold until boot process finishes up.
[[0;32m  OK  [0m] Started Serial Getty on ttyS0.
         Starting Set console scheme...

[   34.337886] [[0;32m  OK  [0m] Started Terminate Plymouth Boot Screen.
cloud-init[623]: The key fingerprint is:
[   34.381115] cloud-init[623]: SHA256:ZwzZ9EK7d3Ewhk6qvhEocW+MG0+PB9+6f1ReIeiutyY root@ubuntu-bionic
[   34.476133] cloud-init[623]: The key's randomart image is:
[   34.531797] cloud-init[623]: [[0;32m  OK  [0m] Started System Logging Service.
         Starting Authorization Manager...
+--[ED25519 256]--+
[[0;32m  OK  [0m] Started Set console scheme.
[[0;32m  OK  [0m] Created slice system-getty.slice.
[[0;32m  OK  [0m] Started Getty on tty1.
[[0;32m  OK  [0m] Reached target Login Prompts.
[   34.619034] cloud-init[623]: |          o ..+  |
[   34.667052] cloud-init[623]: |         = +oo + |
[   34.676661] cloud-init[623]: [[0;32m  OK  [0m] Started LSB: automatic crash report generation.
|    . . o =+. o o|
[   34.777262] cloud-init[623]: |     o = o.+.  oo|
[   34.805400] cloud-init[623]: |    . + S.* . .o.|
[   34.871220] cloud-init[[0;32m  OK  [0m] Started LSB: Record successful boot for GRUB.
[623]: |     . *.O + .. .|
[   34.977817] [[0;32m  OK  [0m] Started Authorization Manager.
cloud-init[[0;32m  OK  [0m] Started Accounts Service.
[623]: |      ..+ = ..   |
[   35.073558] cloud-init[623]: |        .E +  .  |
[   35.142286] cloud-init[623]: |        ..*+o.   |
[   35.215382] cloud-init[623]: +----[SHA256]-----+
[[0;32m  OK  [0m] Started LXD - container startup/shutdown.
[[0;32m  OK  [0m] Started Virtualbox guest utils.
[[0;32m  OK  [0m] Started Dispatcher daemon for systemd-networkd.
[[0;32m  OK  [0m] Started Snap Daemon.
         Starting Wait until snapd is fully seeded...
[[0;32m  OK  [0m] Started Pollinate to seed the pseudo random number generator.
         Starting OpenBSD Secure Shell server...
[[0;32m  OK  [0m] Started OpenBSD Secure Shell server.
[[0;32m  OK  [0m] Created slice User Slice of vagrant.
         Starting User Manager for UID 1000...
[[0;32m  OK  [0m] Started Session 1 of user vagrant.
[[0;32m  OK  [0m] Started User Manager for UID 1000.

Ubuntu 18.04.6 LTS ubuntu-bionic ttyS0

ubuntu-bionic login: [   43.124446] cloud-init[1036]: Cloud-init v. 21.2-3-g899bfaa9-0ubuntu2~18.04.1 running 'modules:config' at Thu, 23 Dec 2021 02:34:55 +0000. Up 41.46 seconds.
ci-info: no authorized SSH keys fingerprints found for user ubuntu.
<14>Dec 23 02:34:58 cloud-init: #############################################################
<14>Dec 23 02:34:58 cloud-init: -----BEGIN SSH HOST KEY FINGERPRINTS-----
<14>Dec 23 02:34:58 cloud-init: 1024 SHA256:bcKnN+aAXe6E4cRkW9GnoJVXidjlvn1mD2d+1Ls1IPk root@ubuntu-bionic (DSA)
<14>Dec 23 02:34:58 cloud-init: 256 SHA256:dpUycbgzx6+0fPRZVYttXUbPg84nZdCMzfjU2pE/gqc root@ubuntu-bionic (ECDSA)
<14>Dec 23 02:34:58 cloud-init: 256 SHA256:ZwzZ9EK7d3Ewhk6qvhEocW+MG0+PB9+6f1ReIeiutyY root@ubuntu-bionic (ED25519)
<14>Dec 23 02:34:58 cloud-init: 2048 SHA256:Oj+ejWE70bTrb67mzdp8OZ+k+3lv7u6slRhy3Gxk2BA root@ubuntu-bionic (RSA)
<14>Dec 23 02:34:58 cloud-init: -----END SSH HOST KEY FINGERPRINTS-----
<14>Dec 23 02:34:58 cloud-init: #############################################################
-----BEGIN SSH HOST KEY KEYS-----
ecdsa-sha2-nistp256 AAAAE2VjZHNhLXNoYTItbmlzdHAyNTYAAAAIbmlzdHAyNTYAAABBBJkJvAF3FbZSbpM0mA58829lSGa9b50TJzh0GHb80J2/UhmZ7jNqSeDtLHx9N2ZuPDSt8dXnNuf01vWtP1Kn2FE= root@ubuntu-bionic
ssh-ed25519 AAAAC3NzaC1lZDI1NTE5AAAAII3H3wmnJXBVjdA38m6Zf4M6HMVTMBHLWfcpyEErkhCD root@ubuntu-bionic
ssh-rsa AAAAB3NzaC1yc2EAAAADAQABAAABAQC2UW5Nf0I08JwG6RfeSRByjDr0fDKcjNL2fgnXw+WA4YImoByPnF8knKZ3Zufc3IB1keh4BRiUp1+YDsnh2uBjSLnmLOhDcRhyOftteEb0Xscd+DQ76/60f1RbfcWHZqA76QVOO7ZrvW7jyeb5QpeE/9pDNHdxOEw3FoWm9BvzNNt4hIQO4can4Tu0YYUdCYy0MPXDZHRX/88X4/ndqBTORVfoOsKATx5huUoHAZCSF2F0Ng521a4rmlWt7VUa5KeUriGLSK5T5tlS+ZF93NI3jl2nWCqx6Cb65FrB2gTmyiTBFS6p/1nHSepSSQEp9f+VoUox/oOGeopLrAjT3X2b root@ubuntu-bionic
-----END SSH HOST KEY KEYS-----
[   45.161289] cloud-init[1167]: Cloud-init v. 21.2-3-g899bfaa9-0ubuntu2~18.04.1 running 'modules:final' at Thu, 23 Dec 2021 02:34:58 +0000. Up 44.70 seconds.
[   45.161595] cloud-init[1167]: ci-info: no authorized SSH keys fingerprints found for user ubuntu.
[   45.162333] cloud-init[1167]: Cloud-init v. 21.2-3-g899bfaa9-0ubuntu2~18.04.1 finished at Thu, 23 Dec 2021 02:34:58 +0000. Datasource DataSourceNoCloud [seed=/dev/sdb][dsmode=net].  Up 45.10 seconds
